<?xml version="1.0" encoding="UTF-8"?>
<testsuite xmlns:xsi="http://www.w3.org/2001/XMLSchema-instance" xsi:noNamespaceSchemaLocation="https://maven.apache.org/surefire/maven-surefire-plugin/xsd/surefire-test-report-3.0.xsd" version="3.0" name="org.iquantum.power.PowerHostTest" time="0.0" tests="2" errors="0" skipped="0" failures="0">
  <properties>
    <property name="java.specification.version" value="23"/>
    <property name="sun.jnu.encoding" value="UTF-8"/>
    <property name="java.class.path" value="/Users/mr.a/iQuantum/modules/iquantum/target/test-classes:/Users/mr.a/iQuantum/modules/iquantum/target/classes:/Users/mr.a/.m2/repository/org/apache/commons/commons-math3/3.4.1/commons-math3-3.4.1.jar:/Users/mr.a/.m2/repository/com/opencsv/opencsv/3.7/opencsv-3.7.jar:/Users/mr.a/.m2/repository/org/apache/commons/commons-lang3/3.3.2/commons-lang3-3.3.2.jar:/Users/mr.a/.m2/repository/com/google/guava/guava/32.0.1-jre/guava-32.0.1-jre.jar:/Users/mr.a/.m2/repository/com/google/guava/failureaccess/1.0.1/failureaccess-1.0.1.jar:/Users/mr.a/.m2/repository/com/google/guava/listenablefuture/9999.0-empty-to-avoid-conflict-with-guava/listenablefuture-9999.0-empty-to-avoid-conflict-with-guava.jar:/Users/mr.a/.m2/repository/com/google/code/findbugs/jsr305/3.0.2/jsr305-3.0.2.jar:/Users/mr.a/.m2/repository/org/checkerframework/checker-qual/3.33.0/checker-qual-3.33.0.jar:/Users/mr.a/.m2/repository/com/google/errorprone/error_prone_annotations/2.18.0/error_prone_annotations-2.18.0.jar:/Users/mr.a/.m2/repository/com/google/j2objc/j2objc-annotations/2.8/j2objc-annotations-2.8.jar:/Users/mr.a/.m2/repository/com/googlecode/json-simple/json-simple/1.1.1/json-simple-1.1.1.jar:/Users/mr.a/.m2/repository/junit/junit/4.13.1/junit-4.13.1.jar:/Users/mr.a/.m2/repository/org/hamcrest/hamcrest-core/1.3/hamcrest-core-1.3.jar:/Users/mr.a/.m2/repository/org/apache/commons/commons-csv/1.10.0/commons-csv-1.10.0.jar:/Users/mr.a/.m2/repository/org/graphstream/gs-core/2.0/gs-core-2.0.jar:/Users/mr.a/.m2/repository/org/graphstream/pherd/1.0/pherd-1.0.jar:/Users/mr.a/.m2/repository/org/graphstream/mbox2/1.0/mbox2-1.0.jar:/Users/mr.a/.m2/repository/org/graphstream/gs-ui-swing/2.0/gs-ui-swing-2.0.jar:/Users/mr.a/.m2/repository/org/jgrapht/jgrapht-core/1.5.1/jgrapht-core-1.5.1.jar:/Users/mr.a/.m2/repository/org/jheaps/jheaps/0.13/jheaps-0.13.jar:/Users/mr.a/.m2/repository/org/easymock/easymock/3.1/easymock-3.1.jar:/Users/mr.a/.m2/repository/cglib/cglib-nodep/2.2.2/cglib-nodep-2.2.2.jar:/Users/mr.a/.m2/repository/org/objenesis/objenesis/1.2/objenesis-1.2.jar:/Users/mr.a/.m2/repository/org/easymock/easymockclassextension/3.1/easymockclassextension-3.1.jar:"/>
    <property name="java.vm.vendor" value="Homebrew"/>
    <property name="sun.arch.data.model" value="64"/>
    <property name="java.vendor.url" value="https://github.com/Homebrew/homebrew-core/issues"/>
    <property name="os.name" value="Mac OS X"/>
    <property name="java.vm.specification.version" value="23"/>
    <property name="sun.java.launcher" value="SUN_STANDARD"/>
    <property name="user.country" value="GB"/>
    <property name="sun.boot.library.path" value="/opt/homebrew/Cellar/openjdk/23.0.1/libexec/openjdk.jdk/Contents/Home/lib"/>
    <property name="sun.java.command" value="/Users/mr.a/iQuantum/modules/iquantum/target/surefire/surefirebooter-20250127193510124_3.jar /Users/mr.a/iQuantum/modules/iquantum/target/surefire 2025-01-27T19-35-09_054-jvmRun1 surefire-20250127193510124_1tmp surefire_0-20250127193510124_2tmp"/>
    <property name="jdk.debug" value="release"/>
    <property name="surefire.test.class.path" value="/Users/mr.a/iQuantum/modules/iquantum/target/test-classes:/Users/mr.a/iQuantum/modules/iquantum/target/classes:/Users/mr.a/.m2/repository/org/apache/commons/commons-math3/3.4.1/commons-math3-3.4.1.jar:/Users/mr.a/.m2/repository/com/opencsv/opencsv/3.7/opencsv-3.7.jar:/Users/mr.a/.m2/repository/org/apache/commons/commons-lang3/3.3.2/commons-lang3-3.3.2.jar:/Users/mr.a/.m2/repository/com/google/guava/guava/32.0.1-jre/guava-32.0.1-jre.jar:/Users/mr.a/.m2/repository/com/google/guava/failureaccess/1.0.1/failureaccess-1.0.1.jar:/Users/mr.a/.m2/repository/com/google/guava/listenablefuture/9999.0-empty-to-avoid-conflict-with-guava/listenablefuture-9999.0-empty-to-avoid-conflict-with-guava.jar:/Users/mr.a/.m2/repository/com/google/code/findbugs/jsr305/3.0.2/jsr305-3.0.2.jar:/Users/mr.a/.m2/repository/org/checkerframework/checker-qual/3.33.0/checker-qual-3.33.0.jar:/Users/mr.a/.m2/repository/com/google/errorprone/error_prone_annotations/2.18.0/error_prone_annotations-2.18.0.jar:/Users/mr.a/.m2/repository/com/google/j2objc/j2objc-annotations/2.8/j2objc-annotations-2.8.jar:/Users/mr.a/.m2/repository/com/googlecode/json-simple/json-simple/1.1.1/json-simple-1.1.1.jar:/Users/mr.a/.m2/repository/junit/junit/4.13.1/junit-4.13.1.jar:/Users/mr.a/.m2/repository/org/hamcrest/hamcrest-core/1.3/hamcrest-core-1.3.jar:/Users/mr.a/.m2/repository/org/apache/commons/commons-csv/1.10.0/commons-csv-1.10.0.jar:/Users/mr.a/.m2/repository/org/graphstream/gs-core/2.0/gs-core-2.0.jar:/Users/mr.a/.m2/repository/org/graphstream/pherd/1.0/pherd-1.0.jar:/Users/mr.a/.m2/repository/org/graphstream/mbox2/1.0/mbox2-1.0.jar:/Users/mr.a/.m2/repository/org/graphstream/gs-ui-swing/2.0/gs-ui-swing-2.0.jar:/Users/mr.a/.m2/repository/org/jgrapht/jgrapht-core/1.5.1/jgrapht-core-1.5.1.jar:/Users/mr.a/.m2/repository/org/jheaps/jheaps/0.13/jheaps-0.13.jar:/Users/mr.a/.m2/repository/org/easymock/easymock/3.1/easymock-3.1.jar:/Users/mr.a/.m2/repository/cglib/cglib-nodep/2.2.2/cglib-nodep-2.2.2.jar:/Users/mr.a/.m2/repository/org/objenesis/objenesis/1.2/objenesis-1.2.jar:/Users/mr.a/.m2/repository/org/easymock/easymockclassextension/3.1/easymockclassextension-3.1.jar:"/>
    <property name="sun.cpu.endian" value="little"/>
    <property name="user.home" value="/Users/mr.a"/>
    <property name="user.language" value="en"/>
    <property name="java.specification.vendor" value="Oracle Corporation"/>
    <property name="java.version.date" value="2024-10-15"/>
    <property name="java.home" value="/opt/homebrew/Cellar/openjdk/23.0.1/libexec/openjdk.jdk/Contents/Home"/>
    <property name="file.separator" value="/"/>
    <property name="basedir" value="/Users/mr.a/iQuantum/modules/iquantum"/>
    <property name="java.vm.compressedOopsMode" value="Zero based"/>
    <property name="line.separator" value="&#10;"/>
    <property name="java.specification.name" value="Java Platform API Specification"/>
    <property name="java.vm.specification.vendor" value="Oracle Corporation"/>
    <property name="apple.awt.application.name" value="ForkedBooter"/>
    <property name="surefire.real.class.path" value="/Users/mr.a/iQuantum/modules/iquantum/target/surefire/surefirebooter-20250127193510124_3.jar"/>
    <property name="sun.management.compiler" value="HotSpot 64-Bit Tiered Compilers"/>
    <property name="java.runtime.version" value="23.0.1"/>
    <property name="user.name" value="mr.a"/>
    <property name="stdout.encoding" value="UTF-8"/>
    <property name="path.separator" value=":"/>
    <property name="os.version" value="14.4.1"/>
    <property name="java.runtime.name" value="OpenJDK Runtime Environment"/>
    <property name="file.encoding" value="UTF-8"/>
    <property name="java.vm.name" value="OpenJDK 64-Bit Server VM"/>
    <property name="java.vendor.version" value="Homebrew"/>
    <property name="localRepository" value="/Users/mr.a/.m2/repository"/>
    <property name="java.vendor.url.bug" value="https://github.com/Homebrew/homebrew-core/issues"/>
    <property name="java.io.tmpdir" value="/var/folders/7t/jtv9hxlj4kb57k2xg5mxnhf40000gn/T/"/>
    <property name="java.version" value="23.0.1"/>
    <property name="user.dir" value="/Users/mr.a/iQuantum/modules/iquantum"/>
    <property name="os.arch" value="aarch64"/>
    <property name="java.vm.specification.name" value="Java Virtual Machine Specification"/>
    <property name="native.encoding" value="UTF-8"/>
    <property name="java.library.path" value="/Users/mr.a/Library/Java/Extensions:/Library/Java/Extensions:/Network/Library/Java/Extensions:/System/Library/Java/Extensions:/usr/lib/java:."/>
    <property name="java.vm.info" value="mixed mode, sharing"/>
    <property name="stderr.encoding" value="UTF-8"/>
    <property name="java.vendor" value="Homebrew"/>
    <property name="java.vm.version" value="23.0.1"/>
    <property name="sun.io.unicode.encoding" value="UnicodeBig"/>
    <property name="java.class.version" value="67.0"/>
  </properties>
  <testcase name="testGetEnergy" classname="org.iquantum.power.PowerHostTest" time="0.0"/>
  <testcase name="testGetMaxPower" classname="org.iquantum.power.PowerHostTest" time="0.0"/>
</testsuite>